Exporter version: 2.93.1, Blender version: 2.93.1
========= Conversion from Blender to Babylon.js =========
	Scene settings used :
		Inline textures     :  false
		Material Type       :  PBR
		Positions Precision :  4
		Normals Precision   :  3
		UVs Precision       :  3
		Vert Color Precision:  3
		Mat Weight Precision:  2
		Keep Z-up r-handed  :  no
		Texture directory   :  C:\Users\Caroline Jacomini\Documents\KOSMOS\CENA.CAPOBIANCO\cena.stands\luz\
	Python World class constructor completed
	processing begun of mesh:  tel_estande_001
		processing begun of material:  m_colisaoalpha
		num positions      :  3
		num normals        :  3
		num tangents       :  0
		num uvs            :  6
		num uvs2           :  0
		num colors         :  0
		num triangles      :  1
	processing begun of mesh:  tel_estande_002
		processing begun of material:  m_colisaoalpha
		registered as also a user of material:  m_colisaoalpha
		num positions      :  3
		num normals        :  3
		num tangents       :  0
		num uvs            :  6
		num uvs2           :  0
		num colors         :  0
		num triangles      :  1
	processing begun of mesh:  tel_estande_003
		processing begun of material:  m_colisaoalpha
		registered as also a user of material:  m_colisaoalpha
		num positions      :  3
		num normals        :  3
		num tangents       :  0
		num uvs            :  6
		num uvs2           :  0
		num colors         :  0
		num triangles      :  1
	processing begun of mesh:  tel_estande_004
		processing begun of material:  m_colisaoalpha
		registered as also a user of material:  m_colisaoalpha
		num positions      :  3
		num normals        :  3
		num tangents       :  0
		num uvs            :  6
		num uvs2           :  0
		num colors         :  0
		num triangles      :  1
	processing begun of mesh:  tel_estande_005
		processing begun of material:  m_colisaoalpha
		registered as also a user of material:  m_colisaoalpha
		num positions      :  3
		num normals        :  3
		num tangents       :  0
		num uvs            :  6
		num uvs2           :  0
		num colors         :  0
		num triangles      :  1
	processing begun of mesh:  tel_estande_006
		processing begun of material:  m_colisaoalpha
		registered as also a user of material:  m_colisaoalpha
		num positions      :  3
		num normals        :  3
		num tangents       :  0
		num uvs            :  6
		num uvs2           :  0
		num colors         :  0
		num triangles      :  1
	processing begun of mesh:  tel_estande_007
		processing begun of material:  m_colisaoalpha
		registered as also a user of material:  m_colisaoalpha
		num positions      :  3
		num normals        :  3
		num tangents       :  0
		num uvs            :  6
		num uvs2           :  0
		num colors         :  0
		num triangles      :  1
	processing begun of mesh:  tel_estande_008
		processing begun of material:  m_colisaoalpha
		registered as also a user of material:  m_colisaoalpha
		num positions      :  3
		num normals        :  3
		num tangents       :  0
		num uvs            :  6
		num uvs2           :  0
		num colors         :  0
		num triangles      :  1
	processing begun of mesh:  col_videocartaolinkpdf_005
		processing begun of material:  m_colisao
		num positions      :  4
		num normals        :  4
		num tangents       :  0
		num uvs            :  8
		num uvs2           :  0
		num colors         :  0
		num triangles      :  2
	processing begun of mesh:  col_videocartaolinkpdf_006
		processing begun of material:  m_colisao
		registered as also a user of material:  m_colisao
		num positions      :  4
		num normals        :  4
		num tangents       :  0
		num uvs            :  8
		num uvs2           :  0
		num colors         :  0
		num triangles      :  2
	processing begun of mesh:  col_videocartaolinkpdf_007
		processing begun of material:  m_colisao
		registered as also a user of material:  m_colisao
		num positions      :  4
		num normals        :  4
		num tangents       :  0
		num uvs            :  8
		num uvs2           :  0
		num colors         :  0
		num triangles      :  2
	processing begun of mesh:  col_videocartaolinkpdf_008
		processing begun of material:  m_colisao
		registered as also a user of material:  m_colisao
		num positions      :  4
		num normals        :  4
		num tangents       :  0
		num uvs            :  8
		num uvs2           :  0
		num colors         :  0
		num triangles      :  2
	processing begun of mesh:  col_videocartaolinkpdfchat_001
		processing begun of material:  m_colisao
		registered as also a user of material:  m_colisao
		num positions      :  4
		num normals        :  4
		num tangents       :  0
		num uvs            :  8
		num uvs2           :  0
		num colors         :  0
		num triangles      :  2
	processing begun of mesh:  col_videocartaolinkpdfchat_002
		processing begun of material:  m_colisao
		registered as also a user of material:  m_colisao
		num positions      :  4
		num normals        :  4
		num tangents       :  0
		num uvs            :  8
		num uvs2           :  0
		num colors         :  0
		num triangles      :  2
	processing begun of mesh:  col_videocartaolinkpdfchat_003
		processing begun of material:  m_colisao
		registered as also a user of material:  m_colisao
		num positions      :  4
		num normals        :  4
		num tangents       :  0
		num uvs            :  8
		num uvs2           :  0
		num colors         :  0
		num triangles      :  2
	processing begun of mesh:  col_videocartaolinkpdfchat_004
		processing begun of material:  m_colisao
		registered as also a user of material:  m_colisao
		num positions      :  4
		num normals        :  4
		num tangents       :  0
		num uvs            :  8
		num uvs2           :  0
		num colors         :  0
		num triangles      :  2
	processing begun of mesh:  art_gradiente_g_001
		WARNING: No materials have been assigned: 
		num positions      :  4
		num normals        :  4
		num tangents       :  0
		num uvs            :  8
		num uvs2           :  0
		num colors         :  0
		num triangles      :  2
	processing begun of mesh:  art_gradiente_g_002
		mesh is an instance of :  art_gradiente_g_001.  Processing halted.
	processing begun of mesh:  art_gradiente_m_001
		WARNING: No materials have been assigned: 
		num positions      :  4
		num normals        :  4
		num tangents       :  0
		num uvs            :  8
		num uvs2           :  0
		num colors         :  0
		num triangles      :  2
	processing begun of mesh:  art_gradiente_m_002
		mesh is an instance of :  art_gradiente_m_001.  Processing halted.
	processing begun of mesh:  art_gradiente_m_003
		mesh is an instance of :  art_gradiente_m_001.  Processing halted.
	processing begun of mesh:  art_gradiente_m_004
		mesh is an instance of :  art_gradiente_m_001.  Processing halted.
	processing begun of mesh:  art_gradiente_m_005
		mesh is an instance of :  art_gradiente_m_001.  Processing halted.
	processing begun of mesh:  art_gradiente_m_006
		mesh is an instance of :  art_gradiente_m_001.  Processing halted.
	processing begun of mesh:  art_gradiente_m_007
		mesh is an instance of :  art_gradiente_m_001.  Processing halted.
	processing begun of mesh:  art_gradiente_m_008
		mesh is an instance of :  art_gradiente_m_001.  Processing halted.
	processing begun of mesh:  art_gradiente_m_009
		mesh is an instance of :  art_gradiente_m_001.  Processing halted.
	processing begun of mesh:  art_gradiente_m_010
		mesh is an instance of :  art_gradiente_m_001.  Processing halted.
	processing begun of mesh:  art_gradiente_m_011
		mesh is an instance of :  art_gradiente_m_001.  Processing halted.
	processing begun of mesh:  art_gradiente_m_012
		mesh is an instance of :  art_gradiente_m_001.  Processing halted.
	processing begun of mesh:  art_gradiente_m_013
		mesh is an instance of :  art_gradiente_m_001.  Processing halted.
	processing begun of mesh:  art_gradiente_m_014
		mesh is an instance of :  art_gradiente_m_001.  Processing halted.
	processing begun of mesh:  art_gradiente_m_015
		mesh is an instance of :  art_gradiente_m_001.  Processing halted.
	processing begun of mesh:  art_gradiente_p_001
		WARNING: No materials have been assigned: 
		num positions      :  4
		num normals        :  4
		num tangents       :  0
		num uvs            :  8
		num uvs2           :  0
		num colors         :  0
		num triangles      :  2
	processing begun of mesh:  art_gradiente_p_002
		mesh is an instance of :  art_gradiente_p_001.  Processing halted.
	processing begun of mesh:  art_gradiente_p_003
		mesh is an instance of :  art_gradiente_p_001.  Processing halted.
	processing begun of mesh:  art_gradiente_p_004
		mesh is an instance of :  art_gradiente_p_001.  Processing halted.
	processing begun of mesh:  art_gradiente_p_005
		mesh is an instance of :  art_gradiente_p_001.  Processing halted.
	processing begun of mesh:  art_gradiente_p_006
		mesh is an instance of :  art_gradiente_p_001.  Processing halted.
	processing begun of mesh:  art_gradiente_p_007
		mesh is an instance of :  art_gradiente_p_001.  Processing halted.
	processing begun of mesh:  art_gradiente_p_008
		mesh is an instance of :  art_gradiente_p_001.  Processing halted.
	processing begun of mesh:  art_gradiente_p_009
		mesh is an instance of :  art_gradiente_p_001.  Processing halted.
	processing begun of mesh:  art_gradiente_p_010
		mesh is an instance of :  art_gradiente_p_001.  Processing halted.
	processing begun of mesh:  art_gradiente_p_011
		mesh is an instance of :  art_gradiente_p_001.  Processing halted.
	processing begun of mesh:  art_gradiente_p_012
		mesh is an instance of :  art_gradiente_p_001.  Processing halted.
	processing begun of mesh:  art_gradiente_p_013
		mesh is an instance of :  art_gradiente_p_001.  Processing halted.
	processing begun of mesh:  art_gradiente_p_014
		mesh is an instance of :  art_gradiente_p_001.  Processing halted.
	processing begun of mesh:  art_gradiente_p_015
		mesh is an instance of :  art_gradiente_p_001.  Processing halted.
========= Writing of JSON file started =========
	writing mesh:  tel_estande_001
	writing mesh:  tel_estande_002
	writing mesh:  tel_estande_003
	writing mesh:  tel_estande_004
	writing mesh:  tel_estande_005
	writing mesh:  tel_estande_006
	writing mesh:  tel_estande_007
	writing mesh:  tel_estande_008
	writing mesh:  col_videocartaolinkpdf_005
	writing mesh:  col_videocartaolinkpdf_006
	writing mesh:  col_videocartaolinkpdf_007
	writing mesh:  col_videocartaolinkpdf_008
	writing mesh:  col_videocartaolinkpdfchat_001
	writing mesh:  col_videocartaolinkpdfchat_002
	writing mesh:  col_videocartaolinkpdfchat_003
	writing mesh:  col_videocartaolinkpdfchat_004
	writing mesh:  art_gradiente_g_001
	writing mesh:  art_gradiente_m_001
	writing mesh:  art_gradiente_p_001
========= Writing of JSON file completed =========
========= end of processing =========
elapsed time:  0 min, 0.2706 secs
