Exporter version: 2.80.1, Blender version: 2.83.8
========= Conversion from Blender to Babylon.js =========
	Scene settings used :
		Inline textures     :  false
		Material Type       :  PBR
		Positions Precision :  4
		Normals Precision   :  3
		UVs Precision       :  3
		Vert Color Precision:  3
		Mat Weight Precision:  2
		Keep Z-up r-handed  :  no
		Texture directory   :  C:\Users\Mateus\Desktop\CENA.CAPOBIANCO\cena.auditorio\to_bake_UV\
	Python World class constructor completed
	processing begun of mesh:  art_telaoaud
		processing begun of material:  m_artetelao
			processing texture t_videostand
				texture type:  diffuseTexture, mapped using: "UVMap"
		num positions      :  4
		num normals        :  4
		num tangents       :  0
		num uvs            :  8
		num uvs2           :  0
		num colors         :  0
		num triangles      :  2
	processing begun of mesh:  art_logoaud01
		processing begun of material:  m_logo
			processing texture t_logo11
				texture type:  diffuseTexture, mapped using: "UVMap"
		num positions      :  4
		num normals        :  4
		num tangents       :  0
		num uvs            :  8
		num uvs2           :  0
		num colors         :  0
		num triangles      :  2
	processing begun of mesh:  art_logoaud02
		processing begun of material:  m_logo
		registered as also a user of material:  m_logo
		num positions      :  4
		num normals        :  4
		num tangents       :  0
		num uvs            :  8
		num uvs2           :  0
		num colors         :  0
		num triangles      :  2
	processing begun of mesh:  art_botao
		processing begun of material:  m_botao
			processing texture t_explorebutton
				texture type:  diffuseTexture, mapped using: "UVMap"
			processing texture t_explorebutton
				texture type:  emissiveTexture, mapped using: "UVMap"
		num positions      :  4
		num normals        :  4
		num tangents       :  0
		num uvs            :  8
		num uvs2           :  0
		num colors         :  0
		num triangles      :  2
	processing begun of mesh:  col_paredes
		processing begun of material:  m_colisaoalpha
		num positions      :  23
		num normals        :  23
		num tangents       :  0
		num uvs            :  46
		num uvs2           :  0
		num colors         :  0
		num triangles      :  12
	processing begun of mesh:  col_piso
		processing begun of material:  m_colisaoalpha
		registered as also a user of material:  m_colisaoalpha
		num positions      :  9
		num normals        :  9
		num tangents       :  0
		num uvs            :  18
		num uvs2           :  0
		num colors         :  0
		num triangles      :  4
	processing begun of mesh:  col_telao
		processing begun of material:  m_colisao
		num positions      :  4
		num normals        :  4
		num tangents       :  0
		num uvs            :  8
		num uvs2           :  0
		num colors         :  0
		num triangles      :  2
	processing begun of mesh:  tel_auditorio
		processing begun of material:  m_colisao
		registered as also a user of material:  m_colisao
		num positions      :  3
		num normals        :  3
		num tangents       :  0
		num uvs            :  6
		num uvs2           :  0
		num colors         :  0
		num triangles      :  1
	processing begun of mesh:  tel_inicioaud
		processing begun of material:  m_colisao
		registered as also a user of material:  m_colisao
		num positions      :  3
		num normals        :  3
		num tangents       :  0
		num uvs            :  6
		num uvs2           :  0
		num colors         :  0
		num triangles      :  1
	processing begun of mesh:  col_porta
		processing begun of material:  m_colisao
		registered as also a user of material:  m_colisao
		num positions      :  4
		num normals        :  4
		num tangents       :  0
		num uvs            :  8
		num uvs2           :  0
		num colors         :  0
		num triangles      :  2
	processing begun of mesh:  obj_mesametal
		processing begun of material:  m_metal
		num positions      :  240
		num normals        :  240
		num tangents       :  0
		num uvs            :  480
		num uvs2           :  0
		num colors         :  0
		num triangles      :  104
	processing begun of mesh:  obj_macaneta
		processing begun of material:  m_chrome
		num positions      :  216
		num normals        :  216
		num tangents       :  0
		num uvs            :  432
		num uvs2           :  0
		num colors         :  0
		num triangles      :  124
	processing begun of mesh:  obj_macaneta02
		mesh is an instance of :  obj_macaneta.  Processing halted.
	processing begun of mesh:  obj_luz
		processing begun of material:  m_plastico
		num positions      :  765
		num normals        :  765
		num tangents       :  0
		num uvs            :  1530
		num uvs2           :  0
		num colors         :  0
		num triangles      :  418
	processing begun of mesh:  obj_luz_001
		mesh is an instance of :  obj_luz.  Processing halted.
	processing begun of mesh:  obj_luz_002
		mesh is an instance of :  obj_luz.  Processing halted.
	processing begun of mesh:  obj_luz_003
		mesh is an instance of :  obj_luz.  Processing halted.
	processing begun of mesh:  obj_luzpiso
		processing begun of material:  m_chrome
		processing begun of material:  m_luz
		registered as also a user of material:  m_chrome
		processing begun of multimaterial:  capobianco_auditorio.Multimaterial#0
		num positions      :  670
		num normals        :  670
		num tangents       :  0
		num uvs            :  1340
		num uvs2           :  0
		num colors         :  0
		num triangles      :  292
	processing begun of mesh:  obj_luzpiso_001
		mesh is an instance of :  obj_luzpiso.  Processing halted.
	processing begun of mesh:  obj_luzpiso_002
		mesh is an instance of :  obj_luzpiso.  Processing halted.
	processing begun of mesh:  obj_luzpiso_003
		mesh is an instance of :  obj_luzpiso.  Processing halted.
	processing begun of mesh:  obj_luzpiso_004
		mesh is an instance of :  obj_luzpiso.  Processing halted.
	processing begun of mesh:  obj_luzpiso_005
		mesh is an instance of :  obj_luzpiso.  Processing halted.
	processing begun of mesh:  obj_luzpiso_006
		mesh is an instance of :  obj_luzpiso.  Processing halted.
	processing begun of mesh:  obj_luzpiso_007
		mesh is an instance of :  obj_luzpiso.  Processing halted.
	processing begun of mesh:  obj_forroluz
		processing begun of material:  m_luz
		registered as also a user of material:  m_luz
		num positions      :  102
		num normals        :  102
		num tangents       :  0
		num uvs            :  204
		num uvs2           :  0
		num colors         :  0
		num triangles      :  72
	processing begun of mesh:  obj_sofa_003
		processing begun of material:  m_tecido
			WARNING: Metal channel baking required, but not possible, ignored
			WARNING: Roughness channel baking required, but not possible, ignored
			WARNING: Refraction channel baking required, but not possible, ignored
			Baking texture, type: DIFFUSE, mapped using: BakingUV
			processing texture obj_sofa_003_baked_DIFFUSE
				texture type:  diffuseTexture, mapped using: "BakingUV"
			Baking texture, type: GLOSSY, mapped using: BakingUV
			processing texture obj_sofa_003_baked_GLOSSY
				texture type:  specularTexture, mapped using: "BakingUV"
			Baking texture, type: NORMAL, mapped using: BakingUV
			processing texture obj_sofa_003_baked_NORMAL
				texture type:  bumpTexture, mapped using: "BakingUV"
			bake time:  0 min, 1.5043 secs
		num positions      :  437
		num normals        :  437
		num tangents       :  0
		num uvs            :  874
		num uvs2           :  0
		num colors         :  0
		num triangles      :  376
	processing begun of mesh:  obj_sofabase
		processing begun of material:  m_metal
		registered as also a user of material:  m_metal
		num positions      :  1702
		num normals        :  1702
		num tangents       :  0
		num uvs            :  3404
		num uvs2           :  0
		num colors         :  0
		num triangles      :  672
	processing begun of mesh:  obj_som
		processing begun of material:  m_plastico
		registered as also a user of material:  m_plastico
		num positions      :  66
		num normals        :  66
		num tangents       :  0
		num uvs            :  132
		num uvs2           :  0
		num colors         :  0
		num triangles      :  28
	processing begun of mesh:  obj_som_001
		mesh is an instance of :  obj_som.  Processing halted.
	processing begun of mesh:  obj_vaso_003
		processing begun of material:  m_plant
		processing begun of material:  m_vaso
			processing texture t_plant_alpha
				texture type:  diffuseTexture, mapped using: "UVMap"
		processing begun of multimaterial:  capobianco_auditorio.Multimaterial#1
		num positions      :  258
		num normals        :  258
		num tangents       :  0
		num uvs            :  516
		num uvs2           :  0
		num colors         :  0
		num triangles      :  244
	processing begun of mesh:  obj_telaoestrutura
		processing begun of material:  m_chrome
		registered as also a user of material:  m_chrome
		num positions      :  64
		num normals        :  64
		num tangents       :  0
		num uvs            :  128
		num uvs2           :  0
		num colors         :  0
		num triangles      :  32
	processing begun of mesh:  obj_apoioaud_010
		processing begun of material:  m_tecido
			WARNING: Metal channel baking required, but not possible, ignored
			WARNING: Roughness channel baking required, but not possible, ignored
			WARNING: Refraction channel baking required, but not possible, ignored
			Baking texture, type: DIFFUSE, mapped using: BakingUV
			processing texture obj_apoioaud_010_baked_DIFFUSE
				texture type:  diffuseTexture, mapped using: "BakingUV"
			Baking texture, type: GLOSSY, mapped using: BakingUV
			processing texture obj_apoioaud_010_baked_GLOSSY
				texture type:  specularTexture, mapped using: "BakingUV"
			Baking texture, type: NORMAL, mapped using: BakingUV
			processing texture obj_apoioaud_010_baked_NORMAL
				texture type:  bumpTexture, mapped using: "BakingUV"
			bake time:  0 min, 1.3689 secs
		num positions      :  105
		num normals        :  105
		num tangents       :  0
		num uvs            :  210
		num uvs2           :  0
		num colors         :  0
		num triangles      :  68
	processing begun of mesh:  obj_apoioaud_011
		mesh is an instance of :  obj_apoioaud_010.  Processing halted.
	processing begun of mesh:  obj_apoioaud_012
		mesh is an instance of :  obj_apoioaud_010.  Processing halted.
	processing begun of mesh:  obj_apoioaud_013
		mesh is an instance of :  obj_apoioaud_010.  Processing halted.
	processing begun of mesh:  obj_apoioaud_014
		mesh is an instance of :  obj_apoioaud_010.  Processing halted.
	processing begun of mesh:  obj_apoioaud_015
		mesh is an instance of :  obj_apoioaud_010.  Processing halted.
	processing begun of mesh:  obj_apoioaud_016
		mesh is an instance of :  obj_apoioaud_010.  Processing halted.
	processing begun of mesh:  obj_apoioaud_017
		mesh is an instance of :  obj_apoioaud_010.  Processing halted.
	processing begun of mesh:  obj_apoioaud_018
		mesh is an instance of :  obj_apoioaud_010.  Processing halted.
	processing begun of mesh:  obj_apoioaud_019
		mesh is an instance of :  obj_apoioaud_010.  Processing halted.
	processing begun of mesh:  obj_apoioaud_020
		mesh is an instance of :  obj_apoioaud_010.  Processing halted.
	processing begun of mesh:  obj_apoioaud_021
		mesh is an instance of :  obj_apoioaud_010.  Processing halted.
	processing begun of mesh:  obj_apoioaud_022
		mesh is an instance of :  obj_apoioaud_010.  Processing halted.
	processing begun of mesh:  obj_apoioaud_023
		mesh is an instance of :  obj_apoioaud_010.  Processing halted.
	processing begun of mesh:  obj_apoioaud_024
		mesh is an instance of :  obj_apoioaud_010.  Processing halted.
	processing begun of mesh:  obj_apoioaud_025
		mesh is an instance of :  obj_apoioaud_010.  Processing halted.
	processing begun of mesh:  obj_apoioaud_026
		mesh is an instance of :  obj_apoioaud_010.  Processing halted.
	processing begun of mesh:  obj_apoioaud_027
		mesh is an instance of :  obj_apoioaud_010.  Processing halted.
	processing begun of mesh:  obj_apoioaud_037
		mesh is an instance of :  obj_apoioaud_010.  Processing halted.
	processing begun of mesh:  obj_apoioaud_038
		mesh is an instance of :  obj_apoioaud_010.  Processing halted.
	processing begun of mesh:  obj_apoioaud_039
		mesh is an instance of :  obj_apoioaud_010.  Processing halted.
	processing begun of mesh:  obj_apoioaud_040
		mesh is an instance of :  obj_apoioaud_010.  Processing halted.
	processing begun of mesh:  obj_apoioaud_041
		mesh is an instance of :  obj_apoioaud_010.  Processing halted.
	processing begun of mesh:  obj_apoioaud_042
		mesh is an instance of :  obj_apoioaud_010.  Processing halted.
	processing begun of mesh:  obj_apoioaud_043
		mesh is an instance of :  obj_apoioaud_010.  Processing halted.
	processing begun of mesh:  obj_apoioaud_044
		mesh is an instance of :  obj_apoioaud_010.  Processing halted.
	processing begun of mesh:  obj_apoioaud_045
		mesh is an instance of :  obj_apoioaud_010.  Processing halted.
	processing begun of mesh:  obj_apoioaud_055
		mesh is an instance of :  obj_apoioaud_010.  Processing halted.
	processing begun of mesh:  obj_apoioaud_056
		mesh is an instance of :  obj_apoioaud_010.  Processing halted.
	processing begun of mesh:  obj_apoioaud_057
		mesh is an instance of :  obj_apoioaud_010.  Processing halted.
	processing begun of mesh:  obj_apoioaud_058
		mesh is an instance of :  obj_apoioaud_010.  Processing halted.
	processing begun of mesh:  obj_apoioaud_059
		mesh is an instance of :  obj_apoioaud_010.  Processing halted.
	processing begun of mesh:  obj_apoioaud_060
		mesh is an instance of :  obj_apoioaud_010.  Processing halted.
	processing begun of mesh:  obj_apoioaud_061
		mesh is an instance of :  obj_apoioaud_010.  Processing halted.
	processing begun of mesh:  obj_apoioaud_062
		mesh is an instance of :  obj_apoioaud_010.  Processing halted.
	processing begun of mesh:  obj_apoioaud_063
		mesh is an instance of :  obj_apoioaud_010.  Processing halted.
	processing begun of mesh:  obj_apoioaud_073
		mesh is an instance of :  obj_apoioaud_010.  Processing halted.
	processing begun of mesh:  obj_apoioaud_074
		mesh is an instance of :  obj_apoioaud_010.  Processing halted.
	processing begun of mesh:  obj_apoioaud_075
		mesh is an instance of :  obj_apoioaud_010.  Processing halted.
	processing begun of mesh:  obj_apoioaud_076
		mesh is an instance of :  obj_apoioaud_010.  Processing halted.
	processing begun of mesh:  obj_apoioaud_077
		mesh is an instance of :  obj_apoioaud_010.  Processing halted.
	processing begun of mesh:  obj_apoioaud_078
		mesh is an instance of :  obj_apoioaud_010.  Processing halted.
	processing begun of mesh:  obj_apoioaud_079
		mesh is an instance of :  obj_apoioaud_010.  Processing halted.
	processing begun of mesh:  obj_apoioaud_080
		mesh is an instance of :  obj_apoioaud_010.  Processing halted.
	processing begun of mesh:  obj_apoioaud_081
		mesh is an instance of :  obj_apoioaud_010.  Processing halted.
	processing begun of mesh:  obj_apoioaud_091
		mesh is an instance of :  obj_apoioaud_010.  Processing halted.
	processing begun of mesh:  obj_apoioaud_092
		mesh is an instance of :  obj_apoioaud_010.  Processing halted.
	processing begun of mesh:  obj_apoioaud_093
		mesh is an instance of :  obj_apoioaud_010.  Processing halted.
	processing begun of mesh:  obj_apoioaud_094
		mesh is an instance of :  obj_apoioaud_010.  Processing halted.
	processing begun of mesh:  obj_apoioaud_095
		mesh is an instance of :  obj_apoioaud_010.  Processing halted.
	processing begun of mesh:  obj_apoioaud_096
		mesh is an instance of :  obj_apoioaud_010.  Processing halted.
	processing begun of mesh:  obj_apoioaud_097
		mesh is an instance of :  obj_apoioaud_010.  Processing halted.
	processing begun of mesh:  obj_apoioaud_098
		mesh is an instance of :  obj_apoioaud_010.  Processing halted.
	processing begun of mesh:  obj_apoioaud_099
		mesh is an instance of :  obj_apoioaud_010.  Processing halted.
	processing begun of mesh:  obj_apoioaud_109
		mesh is an instance of :  obj_apoioaud_010.  Processing halted.
	processing begun of mesh:  obj_apoioaud_110
		mesh is an instance of :  obj_apoioaud_010.  Processing halted.
	processing begun of mesh:  obj_apoioaud_111
		mesh is an instance of :  obj_apoioaud_010.  Processing halted.
	processing begun of mesh:  obj_apoioaud_112
		mesh is an instance of :  obj_apoioaud_010.  Processing halted.
	processing begun of mesh:  obj_apoioaud_113
		mesh is an instance of :  obj_apoioaud_010.  Processing halted.
	processing begun of mesh:  obj_apoioaud_114
		mesh is an instance of :  obj_apoioaud_010.  Processing halted.
	processing begun of mesh:  obj_apoioaud_115
		mesh is an instance of :  obj_apoioaud_010.  Processing halted.
	processing begun of mesh:  obj_apoioaud_116
		mesh is an instance of :  obj_apoioaud_010.  Processing halted.
	processing begun of mesh:  obj_apoioaud_117
		mesh is an instance of :  obj_apoioaud_010.  Processing halted.
	processing begun of mesh:  obj_apoioaud_127
		mesh is an instance of :  obj_apoioaud_010.  Processing halted.
	processing begun of mesh:  obj_apoioaud_128
		mesh is an instance of :  obj_apoioaud_010.  Processing halted.
	processing begun of mesh:  obj_apoioaud_129
		mesh is an instance of :  obj_apoioaud_010.  Processing halted.
	processing begun of mesh:  obj_apoioaud_130
		mesh is an instance of :  obj_apoioaud_010.  Processing halted.
	processing begun of mesh:  obj_apoioaud_131
		mesh is an instance of :  obj_apoioaud_010.  Processing halted.
	processing begun of mesh:  obj_apoioaud_132
		mesh is an instance of :  obj_apoioaud_010.  Processing halted.
	processing begun of mesh:  obj_apoioaud_133
		mesh is an instance of :  obj_apoioaud_010.  Processing halted.
	processing begun of mesh:  obj_apoioaud_134
		mesh is an instance of :  obj_apoioaud_010.  Processing halted.
	processing begun of mesh:  obj_apoioaud_135
		mesh is an instance of :  obj_apoioaud_010.  Processing halted.
	processing begun of mesh:  obj_apoioaud_002
		mesh is an instance of :  obj_apoioaud_010.  Processing halted.
	processing begun of mesh:  obj_apoioaud_003
		mesh is an instance of :  obj_apoioaud_010.  Processing halted.
	processing begun of mesh:  obj_apoioaud_004
		mesh is an instance of :  obj_apoioaud_010.  Processing halted.
	processing begun of mesh:  obj_apoioaud_005
		mesh is an instance of :  obj_apoioaud_010.  Processing halted.
	processing begun of mesh:  obj_apoioaud_006
		mesh is an instance of :  obj_apoioaud_010.  Processing halted.
	processing begun of mesh:  obj_apoioaud_007
		mesh is an instance of :  obj_apoioaud_010.  Processing halted.
	processing begun of mesh:  obj_apoioaud_008
		mesh is an instance of :  obj_apoioaud_010.  Processing halted.
	processing begun of mesh:  obj_apoioaud_009
		mesh is an instance of :  obj_apoioaud_010.  Processing halted.
	processing begun of mesh:  obj_apoioaud_028
		mesh is an instance of :  obj_apoioaud_010.  Processing halted.
	processing begun of mesh:  obj_apoioaud_029
		mesh is an instance of :  obj_apoioaud_010.  Processing halted.
	processing begun of mesh:  obj_apoioaud_030
		mesh is an instance of :  obj_apoioaud_010.  Processing halted.
	processing begun of mesh:  obj_apoioaud_031
		mesh is an instance of :  obj_apoioaud_010.  Processing halted.
	processing begun of mesh:  obj_apoioaud_032
		mesh is an instance of :  obj_apoioaud_010.  Processing halted.
	processing begun of mesh:  obj_apoioaud_033
		mesh is an instance of :  obj_apoioaud_010.  Processing halted.
	processing begun of mesh:  obj_apoioaud_034
		mesh is an instance of :  obj_apoioaud_010.  Processing halted.
	processing begun of mesh:  obj_apoioaud_035
		mesh is an instance of :  obj_apoioaud_010.  Processing halted.
	processing begun of mesh:  obj_apoioaud_036
		mesh is an instance of :  obj_apoioaud_010.  Processing halted.
	processing begun of mesh:  obj_apoioaud_046
		mesh is an instance of :  obj_apoioaud_010.  Processing halted.
	processing begun of mesh:  obj_apoioaud_047
		mesh is an instance of :  obj_apoioaud_010.  Processing halted.
	processing begun of mesh:  obj_apoioaud_048
		mesh is an instance of :  obj_apoioaud_010.  Processing halted.
	processing begun of mesh:  obj_apoioaud_049
		mesh is an instance of :  obj_apoioaud_010.  Processing halted.
	processing begun of mesh:  obj_apoioaud_050
		mesh is an instance of :  obj_apoioaud_010.  Processing halted.
	processing begun of mesh:  obj_apoioaud_051
		mesh is an instance of :  obj_apoioaud_010.  Processing halted.
	processing begun of mesh:  obj_apoioaud_052
		mesh is an instance of :  obj_apoioaud_010.  Processing halted.
	processing begun of mesh:  obj_apoioaud_053
		mesh is an instance of :  obj_apoioaud_010.  Processing halted.
	processing begun of mesh:  obj_apoioaud_054
		mesh is an instance of :  obj_apoioaud_010.  Processing halted.
	processing begun of mesh:  obj_apoioaud_064
		mesh is an instance of :  obj_apoioaud_010.  Processing halted.
	processing begun of mesh:  obj_apoioaud_065
		mesh is an instance of :  obj_apoioaud_010.  Processing halted.
	processing begun of mesh:  obj_apoioaud_066
		mesh is an instance of :  obj_apoioaud_010.  Processing halted.
	processing begun of mesh:  obj_apoioaud_067
		mesh is an instance of :  obj_apoioaud_010.  Processing halted.
	processing begun of mesh:  obj_apoioaud_068
		mesh is an instance of :  obj_apoioaud_010.  Processing halted.
	processing begun of mesh:  obj_apoioaud_069
		mesh is an instance of :  obj_apoioaud_010.  Processing halted.
	processing begun of mesh:  obj_apoioaud_070
		mesh is an instance of :  obj_apoioaud_010.  Processing halted.
	processing begun of mesh:  obj_apoioaud_071
		mesh is an instance of :  obj_apoioaud_010.  Processing halted.
	processing begun of mesh:  obj_apoioaud_072
		mesh is an instance of :  obj_apoioaud_010.  Processing halted.
	processing begun of mesh:  obj_apoioaud_082
		mesh is an instance of :  obj_apoioaud_010.  Processing halted.
	processing begun of mesh:  obj_apoioaud_083
		mesh is an instance of :  obj_apoioaud_010.  Processing halted.
	processing begun of mesh:  obj_apoioaud_084
		mesh is an instance of :  obj_apoioaud_010.  Processing halted.
	processing begun of mesh:  obj_apoioaud_085
		mesh is an instance of :  obj_apoioaud_010.  Processing halted.
	processing begun of mesh:  obj_apoioaud_086
		mesh is an instance of :  obj_apoioaud_010.  Processing halted.
	processing begun of mesh:  obj_apoioaud_087
		mesh is an instance of :  obj_apoioaud_010.  Processing halted.
	processing begun of mesh:  obj_apoioaud_088
		mesh is an instance of :  obj_apoioaud_010.  Processing halted.
	processing begun of mesh:  obj_apoioaud_089
		mesh is an instance of :  obj_apoioaud_010.  Processing halted.
	processing begun of mesh:  obj_apoioaud_090
		mesh is an instance of :  obj_apoioaud_010.  Processing halted.
	processing begun of mesh:  obj_apoioaud_100
		mesh is an instance of :  obj_apoioaud_010.  Processing halted.
	processing begun of mesh:  obj_apoioaud_101
		mesh is an instance of :  obj_apoioaud_010.  Processing halted.
	processing begun of mesh:  obj_apoioaud_102
		mesh is an instance of :  obj_apoioaud_010.  Processing halted.
	processing begun of mesh:  obj_apoioaud_103
		mesh is an instance of :  obj_apoioaud_010.  Processing halted.
	processing begun of mesh:  obj_apoioaud_104
		mesh is an instance of :  obj_apoioaud_010.  Processing halted.
	processing begun of mesh:  obj_apoioaud_105
		mesh is an instance of :  obj_apoioaud_010.  Processing halted.
	processing begun of mesh:  obj_apoioaud_106
		mesh is an instance of :  obj_apoioaud_010.  Processing halted.
	processing begun of mesh:  obj_apoioaud_107
		mesh is an instance of :  obj_apoioaud_010.  Processing halted.
	processing begun of mesh:  obj_apoioaud_108
		mesh is an instance of :  obj_apoioaud_010.  Processing halted.
	processing begun of mesh:  obj_apoioaud_118
		mesh is an instance of :  obj_apoioaud_010.  Processing halted.
	processing begun of mesh:  obj_apoioaud_119
		mesh is an instance of :  obj_apoioaud_010.  Processing halted.
	processing begun of mesh:  obj_apoioaud_120
		mesh is an instance of :  obj_apoioaud_010.  Processing halted.
	processing begun of mesh:  obj_apoioaud_121
		mesh is an instance of :  obj_apoioaud_010.  Processing halted.
	processing begun of mesh:  obj_apoioaud_122
		mesh is an instance of :  obj_apoioaud_010.  Processing halted.
	processing begun of mesh:  obj_apoioaud_123
		mesh is an instance of :  obj_apoioaud_010.  Processing halted.
	processing begun of mesh:  obj_apoioaud_124
		mesh is an instance of :  obj_apoioaud_010.  Processing halted.
	processing begun of mesh:  obj_apoioaud_125
		mesh is an instance of :  obj_apoioaud_010.  Processing halted.
	processing begun of mesh:  obj_apoioaud_126
		mesh is an instance of :  obj_apoioaud_010.  Processing halted.
	processing begun of mesh:  obj_apoioaud_136
		mesh is an instance of :  obj_apoioaud_010.  Processing halted.
	processing begun of mesh:  obj_apoioaud_137
		mesh is an instance of :  obj_apoioaud_010.  Processing halted.
	processing begun of mesh:  obj_apoioaud_138
		mesh is an instance of :  obj_apoioaud_010.  Processing halted.
	processing begun of mesh:  obj_apoioaud_139
		mesh is an instance of :  obj_apoioaud_010.  Processing halted.
	processing begun of mesh:  obj_apoioaud_140
		mesh is an instance of :  obj_apoioaud_010.  Processing halted.
	processing begun of mesh:  obj_apoioaud_141
		mesh is an instance of :  obj_apoioaud_010.  Processing halted.
	processing begun of mesh:  obj_apoioaud_142
		mesh is an instance of :  obj_apoioaud_010.  Processing halted.
	processing begun of mesh:  obj_apoioaud_143
		mesh is an instance of :  obj_apoioaud_010.  Processing halted.
	processing begun of mesh:  obj_apoioaud_144
		mesh is an instance of :  obj_apoioaud_010.  Processing halted.
	processing begun of mesh:  obj_cadeiraaud_010
		processing begun of material:  m_tecido
			WARNING: Metal channel baking required, but not possible, ignored
			WARNING: Roughness channel baking required, but not possible, ignored
			WARNING: Refraction channel baking required, but not possible, ignored
			Baking texture, type: DIFFUSE, mapped using: BakingUV
			processing texture obj_cadeiraaud_010_baked_DIFFUSE
				texture type:  diffuseTexture, mapped using: "BakingUV"
			Baking texture, type: GLOSSY, mapped using: BakingUV
			processing texture obj_cadeiraaud_010_baked_GLOSSY
				texture type:  specularTexture, mapped using: "BakingUV"
			Baking texture, type: NORMAL, mapped using: BakingUV
			processing texture obj_cadeiraaud_010_baked_NORMAL
				texture type:  bumpTexture, mapped using: "BakingUV"
			bake time:  0 min, 1.502 secs
		num positions      :  225
		num normals        :  225
		num tangents       :  0
		num uvs            :  450
		num uvs2           :  0
		num colors         :  0
		num triangles      :  134
	processing begun of mesh:  obj_cadeiraaud_011
		mesh is an instance of :  obj_cadeiraaud_010.  Processing halted.
	processing begun of mesh:  obj_cadeiraaud_012
		mesh is an instance of :  obj_cadeiraaud_010.  Processing halted.
	processing begun of mesh:  obj_cadeiraaud_013
		mesh is an instance of :  obj_cadeiraaud_010.  Processing halted.
	processing begun of mesh:  obj_cadeiraaud_014
		mesh is an instance of :  obj_cadeiraaud_010.  Processing halted.
	processing begun of mesh:  obj_cadeiraaud_015
		mesh is an instance of :  obj_cadeiraaud_010.  Processing halted.
	processing begun of mesh:  obj_cadeiraaud_016
		mesh is an instance of :  obj_cadeiraaud_010.  Processing halted.
	processing begun of mesh:  obj_cadeiraaud_017
		mesh is an instance of :  obj_cadeiraaud_010.  Processing halted.
	processing begun of mesh:  obj_cadeiraaud_018
		mesh is an instance of :  obj_cadeiraaud_010.  Processing halted.
	processing begun of mesh:  obj_cadeiraaud_019
		mesh is an instance of :  obj_cadeiraaud_010.  Processing halted.
	processing begun of mesh:  obj_cadeiraaud_020
		mesh is an instance of :  obj_cadeiraaud_010.  Processing halted.
	processing begun of mesh:  obj_cadeiraaud_021
		mesh is an instance of :  obj_cadeiraaud_010.  Processing halted.
	processing begun of mesh:  obj_cadeiraaud_022
		mesh is an instance of :  obj_cadeiraaud_010.  Processing halted.
	processing begun of mesh:  obj_cadeiraaud_023
		mesh is an instance of :  obj_cadeiraaud_010.  Processing halted.
	processing begun of mesh:  obj_cadeiraaud_024
		mesh is an instance of :  obj_cadeiraaud_010.  Processing halted.
	processing begun of mesh:  obj_cadeiraaud_025
		mesh is an instance of :  obj_cadeiraaud_010.  Processing halted.
	processing begun of mesh:  obj_cadeiraaud_034
		mesh is an instance of :  obj_cadeiraaud_010.  Processing halted.
	processing begun of mesh:  obj_cadeiraaud_035
		mesh is an instance of :  obj_cadeiraaud_010.  Processing halted.
	processing begun of mesh:  obj_cadeiraaud_036
		mesh is an instance of :  obj_cadeiraaud_010.  Processing halted.
	processing begun of mesh:  obj_cadeiraaud_037
		mesh is an instance of :  obj_cadeiraaud_010.  Processing halted.
	processing begun of mesh:  obj_cadeiraaud_038
		mesh is an instance of :  obj_cadeiraaud_010.  Processing halted.
	processing begun of mesh:  obj_cadeiraaud_039
		mesh is an instance of :  obj_cadeiraaud_010.  Processing halted.
	processing begun of mesh:  obj_cadeiraaud_040
		mesh is an instance of :  obj_cadeiraaud_010.  Processing halted.
	processing begun of mesh:  obj_cadeiraaud_041
		mesh is an instance of :  obj_cadeiraaud_010.  Processing halted.
	processing begun of mesh:  obj_cadeiraaud_050
		mesh is an instance of :  obj_cadeiraaud_010.  Processing halted.
	processing begun of mesh:  obj_cadeiraaud_051
		mesh is an instance of :  obj_cadeiraaud_010.  Processing halted.
	processing begun of mesh:  obj_cadeiraaud_052
		mesh is an instance of :  obj_cadeiraaud_010.  Processing halted.
	processing begun of mesh:  obj_cadeiraaud_053
		mesh is an instance of :  obj_cadeiraaud_010.  Processing halted.
	processing begun of mesh:  obj_cadeiraaud_054
		mesh is an instance of :  obj_cadeiraaud_010.  Processing halted.
	processing begun of mesh:  obj_cadeiraaud_055
		mesh is an instance of :  obj_cadeiraaud_010.  Processing halted.
	processing begun of mesh:  obj_cadeiraaud_056
		mesh is an instance of :  obj_cadeiraaud_010.  Processing halted.
	processing begun of mesh:  obj_cadeiraaud_057
		mesh is an instance of :  obj_cadeiraaud_010.  Processing halted.
	processing begun of mesh:  obj_cadeiraaud_066
		mesh is an instance of :  obj_cadeiraaud_010.  Processing halted.
	processing begun of mesh:  obj_cadeiraaud_067
		mesh is an instance of :  obj_cadeiraaud_010.  Processing halted.
	processing begun of mesh:  obj_cadeiraaud_068
		mesh is an instance of :  obj_cadeiraaud_010.  Processing halted.
	processing begun of mesh:  obj_cadeiraaud_069
		mesh is an instance of :  obj_cadeiraaud_010.  Processing halted.
	processing begun of mesh:  obj_cadeiraaud_070
		mesh is an instance of :  obj_cadeiraaud_010.  Processing halted.
	processing begun of mesh:  obj_cadeiraaud_071
		mesh is an instance of :  obj_cadeiraaud_010.  Processing halted.
	processing begun of mesh:  obj_cadeiraaud_072
		mesh is an instance of :  obj_cadeiraaud_010.  Processing halted.
	processing begun of mesh:  obj_cadeiraaud_073
		mesh is an instance of :  obj_cadeiraaud_010.  Processing halted.
	processing begun of mesh:  obj_cadeiraaud_082
		mesh is an instance of :  obj_cadeiraaud_010.  Processing halted.
	processing begun of mesh:  obj_cadeiraaud_083
		mesh is an instance of :  obj_cadeiraaud_010.  Processing halted.
	processing begun of mesh:  obj_cadeiraaud_084
		mesh is an instance of :  obj_cadeiraaud_010.  Processing halted.
	processing begun of mesh:  obj_cadeiraaud_085
		mesh is an instance of :  obj_cadeiraaud_010.  Processing halted.
	processing begun of mesh:  obj_cadeiraaud_086
		mesh is an instance of :  obj_cadeiraaud_010.  Processing halted.
	processing begun of mesh:  obj_cadeiraaud_087
		mesh is an instance of :  obj_cadeiraaud_010.  Processing halted.
	processing begun of mesh:  obj_cadeiraaud_088
		mesh is an instance of :  obj_cadeiraaud_010.  Processing halted.
	processing begun of mesh:  obj_cadeiraaud_089
		mesh is an instance of :  obj_cadeiraaud_010.  Processing halted.
	processing begun of mesh:  obj_cadeiraaud_098
		mesh is an instance of :  obj_cadeiraaud_010.  Processing halted.
	processing begun of mesh:  obj_cadeiraaud_099
		mesh is an instance of :  obj_cadeiraaud_010.  Processing halted.
	processing begun of mesh:  obj_cadeiraaud_100
		mesh is an instance of :  obj_cadeiraaud_010.  Processing halted.
	processing begun of mesh:  obj_cadeiraaud_101
		mesh is an instance of :  obj_cadeiraaud_010.  Processing halted.
	processing begun of mesh:  obj_cadeiraaud_102
		mesh is an instance of :  obj_cadeiraaud_010.  Processing halted.
	processing begun of mesh:  obj_cadeiraaud_103
		mesh is an instance of :  obj_cadeiraaud_010.  Processing halted.
	processing begun of mesh:  obj_cadeiraaud_104
		mesh is an instance of :  obj_cadeiraaud_010.  Processing halted.
	processing begun of mesh:  obj_cadeiraaud_105
		mesh is an instance of :  obj_cadeiraaud_010.  Processing halted.
	processing begun of mesh:  obj_cadeiraaud_114
		mesh is an instance of :  obj_cadeiraaud_010.  Processing halted.
	processing begun of mesh:  obj_cadeiraaud_115
		mesh is an instance of :  obj_cadeiraaud_010.  Processing halted.
	processing begun of mesh:  obj_cadeiraaud_116
		mesh is an instance of :  obj_cadeiraaud_010.  Processing halted.
	processing begun of mesh:  obj_cadeiraaud_117
		mesh is an instance of :  obj_cadeiraaud_010.  Processing halted.
	processing begun of mesh:  obj_cadeiraaud_118
		mesh is an instance of :  obj_cadeiraaud_010.  Processing halted.
	processing begun of mesh:  obj_cadeiraaud_119
		mesh is an instance of :  obj_cadeiraaud_010.  Processing halted.
	processing begun of mesh:  obj_cadeiraaud_120
		mesh is an instance of :  obj_cadeiraaud_010.  Processing halted.
	processing begun of mesh:  obj_cadeiraaud_121
		mesh is an instance of :  obj_cadeiraaud_010.  Processing halted.
	processing begun of mesh:  obj_cadeiraaud_002
		mesh is an instance of :  obj_cadeiraaud_010.  Processing halted.
	processing begun of mesh:  obj_cadeiraaud_004
		mesh is an instance of :  obj_cadeiraaud_010.  Processing halted.
	processing begun of mesh:  obj_cadeiraaud_005
		mesh is an instance of :  obj_cadeiraaud_010.  Processing halted.
	processing begun of mesh:  obj_cadeiraaud_006
		mesh is an instance of :  obj_cadeiraaud_010.  Processing halted.
	processing begun of mesh:  obj_cadeiraaud_007
		mesh is an instance of :  obj_cadeiraaud_010.  Processing halted.
	processing begun of mesh:  obj_cadeiraaud_008
		mesh is an instance of :  obj_cadeiraaud_010.  Processing halted.
	processing begun of mesh:  obj_cadeiraaud_009
		mesh is an instance of :  obj_cadeiraaud_010.  Processing halted.
	processing begun of mesh:  obj_cadeiraaud_026
		mesh is an instance of :  obj_cadeiraaud_010.  Processing halted.
	processing begun of mesh:  obj_cadeiraaud_027
		mesh is an instance of :  obj_cadeiraaud_010.  Processing halted.
	processing begun of mesh:  obj_cadeiraaud_028
		mesh is an instance of :  obj_cadeiraaud_010.  Processing halted.
	processing begun of mesh:  obj_cadeiraaud_029
		mesh is an instance of :  obj_cadeiraaud_010.  Processing halted.
	processing begun of mesh:  obj_cadeiraaud_030
		mesh is an instance of :  obj_cadeiraaud_010.  Processing halted.
	processing begun of mesh:  obj_cadeiraaud_031
		mesh is an instance of :  obj_cadeiraaud_010.  Processing halted.
	processing begun of mesh:  obj_cadeiraaud_032
		mesh is an instance of :  obj_cadeiraaud_010.  Processing halted.
	processing begun of mesh:  obj_cadeiraaud_033
		mesh is an instance of :  obj_cadeiraaud_010.  Processing halted.
	processing begun of mesh:  obj_cadeiraaud_042
		mesh is an instance of :  obj_cadeiraaud_010.  Processing halted.
	processing begun of mesh:  obj_cadeiraaud_043
		mesh is an instance of :  obj_cadeiraaud_010.  Processing halted.
	processing begun of mesh:  obj_cadeiraaud_044
		mesh is an instance of :  obj_cadeiraaud_010.  Processing halted.
	processing begun of mesh:  obj_cadeiraaud_045
		mesh is an instance of :  obj_cadeiraaud_010.  Processing halted.
	processing begun of mesh:  obj_cadeiraaud_046
		mesh is an instance of :  obj_cadeiraaud_010.  Processing halted.
	processing begun of mesh:  obj_cadeiraaud_047
		mesh is an instance of :  obj_cadeiraaud_010.  Processing halted.
	processing begun of mesh:  obj_cadeiraaud_048
		mesh is an instance of :  obj_cadeiraaud_010.  Processing halted.
	processing begun of mesh:  obj_cadeiraaud_049
		mesh is an instance of :  obj_cadeiraaud_010.  Processing halted.
	processing begun of mesh:  obj_cadeiraaud_058
		mesh is an instance of :  obj_cadeiraaud_010.  Processing halted.
	processing begun of mesh:  obj_cadeiraaud_059
		mesh is an instance of :  obj_cadeiraaud_010.  Processing halted.
	processing begun of mesh:  obj_cadeiraaud_060
		mesh is an instance of :  obj_cadeiraaud_010.  Processing halted.
	processing begun of mesh:  obj_cadeiraaud_061
		mesh is an instance of :  obj_cadeiraaud_010.  Processing halted.
	processing begun of mesh:  obj_cadeiraaud_062
		mesh is an instance of :  obj_cadeiraaud_010.  Processing halted.
	processing begun of mesh:  obj_cadeiraaud_063
		mesh is an instance of :  obj_cadeiraaud_010.  Processing halted.
	processing begun of mesh:  obj_cadeiraaud_064
		mesh is an instance of :  obj_cadeiraaud_010.  Processing halted.
	processing begun of mesh:  obj_cadeiraaud_065
		mesh is an instance of :  obj_cadeiraaud_010.  Processing halted.
	processing begun of mesh:  obj_cadeiraaud_074
		mesh is an instance of :  obj_cadeiraaud_010.  Processing halted.
	processing begun of mesh:  obj_cadeiraaud_075
		mesh is an instance of :  obj_cadeiraaud_010.  Processing halted.
	processing begun of mesh:  obj_cadeiraaud_076
		mesh is an instance of :  obj_cadeiraaud_010.  Processing halted.
	processing begun of mesh:  obj_cadeiraaud_077
		mesh is an instance of :  obj_cadeiraaud_010.  Processing halted.
	processing begun of mesh:  obj_cadeiraaud_078
		mesh is an instance of :  obj_cadeiraaud_010.  Processing halted.
	processing begun of mesh:  obj_cadeiraaud_079
		mesh is an instance of :  obj_cadeiraaud_010.  Processing halted.
	processing begun of mesh:  obj_cadeiraaud_080
		mesh is an instance of :  obj_cadeiraaud_010.  Processing halted.
	processing begun of mesh:  obj_cadeiraaud_081
		mesh is an instance of :  obj_cadeiraaud_010.  Processing halted.
	processing begun of mesh:  obj_cadeiraaud_090
		mesh is an instance of :  obj_cadeiraaud_010.  Processing halted.
	processing begun of mesh:  obj_cadeiraaud_091
		mesh is an instance of :  obj_cadeiraaud_010.  Processing halted.
	processing begun of mesh:  obj_cadeiraaud_092
		mesh is an instance of :  obj_cadeiraaud_010.  Processing halted.
	processing begun of mesh:  obj_cadeiraaud_093
		mesh is an instance of :  obj_cadeiraaud_010.  Processing halted.
	processing begun of mesh:  obj_cadeiraaud_094
		mesh is an instance of :  obj_cadeiraaud_010.  Processing halted.
	processing begun of mesh:  obj_cadeiraaud_095
		mesh is an instance of :  obj_cadeiraaud_010.  Processing halted.
	processing begun of mesh:  obj_cadeiraaud_096
		mesh is an instance of :  obj_cadeiraaud_010.  Processing halted.
	processing begun of mesh:  obj_cadeiraaud_097
		mesh is an instance of :  obj_cadeiraaud_010.  Processing halted.
	processing begun of mesh:  obj_cadeiraaud_106
		mesh is an instance of :  obj_cadeiraaud_010.  Processing halted.
	processing begun of mesh:  obj_cadeiraaud_107
		mesh is an instance of :  obj_cadeiraaud_010.  Processing halted.
	processing begun of mesh:  obj_cadeiraaud_108
		mesh is an instance of :  obj_cadeiraaud_010.  Processing halted.
	processing begun of mesh:  obj_cadeiraaud_109
		mesh is an instance of :  obj_cadeiraaud_010.  Processing halted.
	processing begun of mesh:  obj_cadeiraaud_110
		mesh is an instance of :  obj_cadeiraaud_010.  Processing halted.
	processing begun of mesh:  obj_cadeiraaud_111
		mesh is an instance of :  obj_cadeiraaud_010.  Processing halted.
	processing begun of mesh:  obj_cadeiraaud_112
		mesh is an instance of :  obj_cadeiraaud_010.  Processing halted.
	processing begun of mesh:  obj_cadeiraaud_113
		mesh is an instance of :  obj_cadeiraaud_010.  Processing halted.
	processing begun of mesh:  obj_cadeiraaud_122
		mesh is an instance of :  obj_cadeiraaud_010.  Processing halted.
	processing begun of mesh:  obj_cadeiraaud_123
		mesh is an instance of :  obj_cadeiraaud_010.  Processing halted.
	processing begun of mesh:  obj_cadeiraaud_124
		mesh is an instance of :  obj_cadeiraaud_010.  Processing halted.
	processing begun of mesh:  obj_cadeiraaud_125
		mesh is an instance of :  obj_cadeiraaud_010.  Processing halted.
	processing begun of mesh:  obj_cadeiraaud_126
		mesh is an instance of :  obj_cadeiraaud_010.  Processing halted.
	processing begun of mesh:  obj_cadeiraaud_127
		mesh is an instance of :  obj_cadeiraaud_010.  Processing halted.
	processing begun of mesh:  obj_cadeiraaud_128
		mesh is an instance of :  obj_cadeiraaud_010.  Processing halted.
	processing begun of mesh:  obj_cadeiraaud_129
		mesh is an instance of :  obj_cadeiraaud_010.  Processing halted.
	processing begun of mesh:  obj.pisomarble
		processing begun of material:  m.pisomarble
			processing texture t_marbleblack
				texture type:  diffuseTexture, mapped using: "UVMap"
		num positions      :  14
		num normals        :  14
		num tangents       :  0
		num uvs            :  28
		num uvs2           :  28
		num colors         :  0
		num triangles      :  6
	processing begun of mesh:  obj_mesaapoio
		processing begun of material:  m_woodmesa
			WARNING: unsupported node type(ShaderNodeMixRGB) will trigger baking
			WARNING: Metal channel baking required, but not possible, ignored
			WARNING: Roughness channel baking required, but not possible, ignored
			WARNING: Refraction channel baking required, but not possible, ignored
			Baking texture, type: DIFFUSE, mapped using: BakingUV
			processing texture obj_mesaapoio_baked_DIFFUSE
				texture type:  diffuseTexture, mapped using: "BakingUV"
					WARNING: Texture is not mapped as UV or UV2, assigned 1
			Baking texture, type: GLOSSY, mapped using: BakingUV
			processing texture obj_mesaapoio_baked_GLOSSY
				texture type:  specularTexture, mapped using: "BakingUV"
					WARNING: Texture is not mapped as UV or UV2, assigned 1
			bake time:  0 min, 2.2189 secs
		num positions      :  25
		num normals        :  25
		num tangents       :  0
		num uvs            :  50
		num uvs2           :  0
		num colors         :  0
		num triangles      :  10
	processing begun of mesh:  obj_batentemadeira
		processing begun of material:  m_woodbatente
			WARNING: unsupported node type(ShaderNodeMixRGB) will trigger baking
			WARNING: Metal channel baking required, but not possible, ignored
			WARNING: Roughness channel baking required, but not possible, ignored
			WARNING: Refraction channel baking required, but not possible, ignored
			Baking texture, type: DIFFUSE, mapped using: BakingUV
			processing texture obj_batentemadeira_baked_DIFFUSE
				texture type:  diffuseTexture, mapped using: "BakingUV"
					WARNING: Texture is not mapped as UV or UV2, assigned 1
			Baking texture, type: GLOSSY, mapped using: BakingUV
			processing texture obj_batentemadeira_baked_GLOSSY
				texture type:  specularTexture, mapped using: "BakingUV"
					WARNING: Texture is not mapped as UV or UV2, assigned 1
			bake time:  0 min, 3.898 secs
		num positions      :  722
		num normals        :  722
		num tangents       :  0
		num uvs            :  1444
		num uvs2           :  0
		num colors         :  0
		num triangles      :  264
	processing begun of mesh:  obj_palco
		processing begun of material:  m_woodplank
			WARNING: unsupported node type(ShaderNodeMixRGB) will trigger baking
			WARNING: Metal channel baking required, but not possible, ignored
			WARNING: Roughness channel baking required, but not possible, ignored
			WARNING: Refraction channel baking required, but not possible, ignored
			Baking texture, type: DIFFUSE, mapped using: BakingUV
			processing texture obj_palco_baked_DIFFUSE
				texture type:  diffuseTexture, mapped using: "BakingUV"
					WARNING: Texture is not mapped as UV or UV2, assigned 1
			Baking texture, type: GLOSSY, mapped using: BakingUV
			processing texture obj_palco_baked_GLOSSY
				texture type:  specularTexture, mapped using: "BakingUV"
					WARNING: Texture is not mapped as UV or UV2, assigned 1
			Baking texture, type: NORMAL, mapped using: BakingUV
			processing texture obj_palco_baked_NORMAL
				texture type:  bumpTexture, mapped using: "BakingUV"
					WARNING: Texture is not mapped as UV or UV2, assigned 1
			bake time:  0 min, 17.9073 secs
		num positions      :  267
		num normals        :  267
		num tangents       :  0
		num uvs            :  534
		num uvs2           :  0
		num colors         :  0
		num triangles      :  138
	processing begun of mesh:  obj_forro
		processing begun of material:  m_forroaud
			WARNING: unsupported node type(ShaderNodeMixRGB) will trigger baking
			WARNING: Metal channel baking required, but not possible, ignored
			WARNING: Roughness channel baking required, but not possible, ignored
			WARNING: Refraction channel baking required, but not possible, ignored
			Baking texture, type: DIFFUSE, mapped using: BakingUV
			processing texture obj_forro_baked_DIFFUSE
				texture type:  diffuseTexture, mapped using: "BakingUV"
					WARNING: Texture is not mapped as UV or UV2, assigned 1
			Baking texture, type: GLOSSY, mapped using: BakingUV
			processing texture obj_forro_baked_GLOSSY
				texture type:  specularTexture, mapped using: "BakingUV"
					WARNING: Texture is not mapped as UV or UV2, assigned 1
			bake time:  0 min, 11.3836 secs
		num positions      :  428
		num normals        :  428
		num tangents       :  0
		num uvs            :  856
		num uvs2           :  0
		num colors         :  0
		num triangles      :  232
	processing begun of mesh:  obj_portaentrada
		processing begun of material:  m_woodentrada
			WARNING: unsupported node type(ShaderNodeMixRGB) will trigger baking
			WARNING: Metal channel baking required, but not possible, ignored
			WARNING: Roughness channel baking required, but not possible, ignored
			WARNING: Refraction channel baking required, but not possible, ignored
			Baking texture, type: DIFFUSE, mapped using: BakingUV
			processing texture obj_portaentrada_baked_DIFFUSE
				texture type:  diffuseTexture, mapped using: "BakingUV"
					WARNING: Texture is not mapped as UV or UV2, assigned 1
			Baking texture, type: GLOSSY, mapped using: BakingUV
			processing texture obj_portaentrada_baked_GLOSSY
				texture type:  specularTexture, mapped using: "BakingUV"
					WARNING: Texture is not mapped as UV or UV2, assigned 1
			bake time:  0 min, 3.3433 secs
		num positions      :  602
		num normals        :  602
		num tangents       :  0
		num uvs            :  1204
		num uvs2           :  0
		num colors         :  0
		num triangles      :  220
	processing begun of mesh:  obj_paredefundo
		processing begun of material:  m_paredefundo
			WARNING: unsupported node type(ShaderNodeRGB) will trigger baking
			WARNING: unsupported node type(ShaderNodeMixRGB) will trigger baking
			WARNING: Metal channel baking required, but not possible, ignored
			WARNING: Roughness channel baking required, but not possible, ignored
			WARNING: Refraction channel baking required, but not possible, ignored
			Baking texture, type: DIFFUSE, mapped using: BakingUV
			processing texture obj_paredefundo_baked_DIFFUSE
				texture type:  diffuseTexture, mapped using: "BakingUV"
					WARNING: Texture is not mapped as UV or UV2, assigned 1
			Baking texture, type: GLOSSY, mapped using: BakingUV
			processing texture obj_paredefundo_baked_GLOSSY
				texture type:  specularTexture, mapped using: "BakingUV"
					WARNING: Texture is not mapped as UV or UV2, assigned 1
			bake time:  0 min, 20.869 secs
		num positions      :  16
		num normals        :  16
		num tangents       :  0
		num uvs            :  32
		num uvs2           :  0
		num colors         :  0
		num triangles      :  10
	processing begun of mesh:  obj_piso
		processing begun of material:  m_pisoaud
			WARNING: unsupported node type(ShaderNodeMixRGB) will trigger baking
			WARNING: Metal channel baking required, but not possible, ignored
			WARNING: Roughness channel baking required, but not possible, ignored
			WARNING: Refraction channel baking required, but not possible, ignored
			Baking texture, type: DIFFUSE, mapped using: BakingUV
			processing texture obj_piso_baked_DIFFUSE
				texture type:  diffuseTexture, mapped using: "BakingUV"
					WARNING: Texture is not mapped as UV or UV2, assigned 1
			Baking texture, type: GLOSSY, mapped using: BakingUV
			processing texture obj_piso_baked_GLOSSY
				texture type:  specularTexture, mapped using: "BakingUV"
					WARNING: Texture is not mapped as UV or UV2, assigned 1
			Baking texture, type: NORMAL, mapped using: BakingUV
			processing texture obj_piso_baked_NORMAL
				texture type:  bumpTexture, mapped using: "BakingUV"
					WARNING: Texture is not mapped as UV or UV2, assigned 1
			bake time:  0 min, 31.8473 secs
		num positions      :  31
		num normals        :  31
		num tangents       :  0
		num uvs            :  62
		num uvs2           :  0
		num colors         :  0
		num triangles      :  14
	processing begun of mesh:  obj_portamadeira
		processing begun of material:  m_woodporta
			WARNING: unsupported node type(ShaderNodeMixRGB) will trigger baking
			WARNING: Metal channel baking required, but not possible, ignored
			WARNING: Roughness channel baking required, but not possible, ignored
			WARNING: Refraction channel baking required, but not possible, ignored
			Baking texture, type: DIFFUSE, mapped using: BakingUV
			processing texture obj_portamadeira_baked_DIFFUSE
				texture type:  diffuseTexture, mapped using: "BakingUV"
					WARNING: Texture is not mapped as UV or UV2, assigned 1
			Baking texture, type: GLOSSY, mapped using: BakingUV
			processing texture obj_portamadeira_baked_GLOSSY
				texture type:  specularTexture, mapped using: "BakingUV"
					WARNING: Texture is not mapped as UV or UV2, assigned 1
			bake time:  0 min, 4.2409 secs
		num positions      :  218
		num normals        :  218
		num tangents       :  0
		num uvs            :  436
		num uvs2           :  0
		num colors         :  0
		num triangles      :  88
	processing begun of mesh:  obj_sofa_001
		processing begun of material:  m_tecidoum
			WARNING: unsupported node type(ShaderNodeValToRGB) will trigger baking
			WARNING: unsupported node type(ShaderNodeMixRGB) will trigger baking
			WARNING: Metal channel baking required, but not possible, ignored
			WARNING: Roughness channel baking required, but not possible, ignored
			WARNING: Refraction channel baking required, but not possible, ignored
			Baking texture, type: DIFFUSE, mapped using: BakingUV
			processing texture obj_sofa_001_baked_DIFFUSE
				texture type:  diffuseTexture, mapped using: "BakingUV"
					WARNING: Texture is not mapped as UV or UV2, assigned 1
			Baking texture, type: GLOSSY, mapped using: BakingUV
			processing texture obj_sofa_001_baked_GLOSSY
				texture type:  specularTexture, mapped using: "BakingUV"
					WARNING: Texture is not mapped as UV or UV2, assigned 1
			Baking texture, type: NORMAL, mapped using: BakingUV
			processing texture obj_sofa_001_baked_NORMAL
				texture type:  bumpTexture, mapped using: "BakingUV"
					WARNING: Texture is not mapped as UV or UV2, assigned 1
			bake time:  0 min, 3.1122 secs
		num positions      :  437
		num normals        :  437
		num tangents       :  0
		num uvs            :  874
		num uvs2           :  0
		num colors         :  0
		num triangles      :  376
	processing begun of mesh:  obj_sofa_002
		processing begun of material:  m_tecidodois
			WARNING: unsupported node type(ShaderNodeValToRGB) will trigger baking
			WARNING: unsupported node type(ShaderNodeMixRGB) will trigger baking
			WARNING: Metal channel baking required, but not possible, ignored
			WARNING: Roughness channel baking required, but not possible, ignored
			WARNING: Refraction channel baking required, but not possible, ignored
			Baking texture, type: DIFFUSE, mapped using: BakingUV
			processing texture obj_sofa_002_baked_DIFFUSE
				texture type:  diffuseTexture, mapped using: "BakingUV"
					WARNING: Texture is not mapped as UV or UV2, assigned 1
			Baking texture, type: GLOSSY, mapped using: BakingUV
			processing texture obj_sofa_002_baked_GLOSSY
				texture type:  specularTexture, mapped using: "BakingUV"
					WARNING: Texture is not mapped as UV or UV2, assigned 1
			Baking texture, type: NORMAL, mapped using: BakingUV
			processing texture obj_sofa_002_baked_NORMAL
				texture type:  bumpTexture, mapped using: "BakingUV"
					WARNING: Texture is not mapped as UV or UV2, assigned 1
			bake time:  0 min, 9.2855 secs
		num positions      :  881
		num normals        :  881
		num tangents       :  0
		num uvs            :  1762
		num uvs2           :  0
		num colors         :  0
		num triangles      :  752
	processing begun of mesh:  obj_apoioaud_001
		processing begun of material:  m_tecidobraco
			WARNING: unsupported node type(ShaderNodeValToRGB) will trigger baking
			WARNING: unsupported node type(ShaderNodeMixRGB) will trigger baking
			WARNING: Metal channel baking required, but not possible, ignored
			WARNING: Roughness channel baking required, but not possible, ignored
			WARNING: Refraction channel baking required, but not possible, ignored
			Baking texture, type: DIFFUSE, mapped using: BakingUV
			processing texture obj_apoioaud_001_baked_DIFFUSE
				texture type:  diffuseTexture, mapped using: "BakingUV"
					WARNING: Texture is not mapped as UV or UV2, assigned 1
			Baking texture, type: GLOSSY, mapped using: BakingUV
			processing texture obj_apoioaud_001_baked_GLOSSY
				texture type:  specularTexture, mapped using: "BakingUV"
					WARNING: Texture is not mapped as UV or UV2, assigned 1
			Baking texture, type: NORMAL, mapped using: BakingUV
			processing texture obj_apoioaud_001_baked_NORMAL
				texture type:  bumpTexture, mapped using: "BakingUV"
					WARNING: Texture is not mapped as UV or UV2, assigned 1
			bake time:  0 min, 2.9931 secs
		num positions      :  105
		num normals        :  105
		num tangents       :  0
		num uvs            :  210
		num uvs2           :  0
		num colors         :  0
		num triangles      :  68
	processing begun of mesh:  obj_cadeiraaud_001
		processing begun of material:  m_tecidoassento
			WARNING: unsupported node type(ShaderNodeValToRGB) will trigger baking
			WARNING: unsupported node type(ShaderNodeMixRGB) will trigger baking
			WARNING: Metal channel baking required, but not possible, ignored
			WARNING: Roughness channel baking required, but not possible, ignored
			WARNING: Refraction channel baking required, but not possible, ignored
			Baking texture, type: DIFFUSE, mapped using: BakingUV
			processing texture obj_cadeiraaud_001_baked_DIFFUSE
				texture type:  diffuseTexture, mapped using: "BakingUV"
					WARNING: Texture is not mapped as UV or UV2, assigned 1
			Baking texture, type: GLOSSY, mapped using: BakingUV
			processing texture obj_cadeiraaud_001_baked_GLOSSY
				texture type:  specularTexture, mapped using: "BakingUV"
					WARNING: Texture is not mapped as UV or UV2, assigned 1
			Baking texture, type: NORMAL, mapped using: BakingUV
			processing texture obj_cadeiraaud_001_baked_NORMAL
				texture type:  bumpTexture, mapped using: "BakingUV"
					WARNING: Texture is not mapped as UV or UV2, assigned 1
			bake time:  0 min, 9.2987 secs
		num positions      :  225
		num normals        :  225
		num tangents       :  0
		num uvs            :  450
		num uvs2           :  0
		num colors         :  0
		num triangles      :  134
	processing begun of mesh:  obj_paredefrente
		processing begun of material:  m_paredefrente
			WARNING: unsupported node type(ShaderNodeMixRGB) will trigger baking
			WARNING: Metal channel baking required, but not possible, ignored
			WARNING: Roughness channel baking required, but not possible, ignored
			WARNING: Refraction channel baking required, but not possible, ignored
			Baking texture, type: DIFFUSE, mapped using: BakingUV
			processing texture obj_paredefrente_baked_DIFFUSE
				texture type:  diffuseTexture, mapped using: "BakingUV"
					WARNING: Texture is not mapped as UV or UV2, assigned 1
			Baking texture, type: GLOSSY, mapped using: BakingUV
			processing texture obj_paredefrente_baked_GLOSSY
				texture type:  specularTexture, mapped using: "BakingUV"
					WARNING: Texture is not mapped as UV or UV2, assigned 1
			bake time:  0 min, 18.9094 secs
		num positions      :  33
		num normals        :  33
		num tangents       :  0
		num uvs            :  66
		num uvs2           :  0
		num colors         :  0
		num triangles      :  14
========= Writing of JSON file started =========
	writing mesh:  art_telaoaud
	writing mesh:  art_logoaud01
	writing mesh:  art_logoaud02
	writing mesh:  art_botao
	writing mesh:  col_paredes
	writing mesh:  col_piso
	writing mesh:  col_telao
	writing mesh:  tel_auditorio
	writing mesh:  tel_inicioaud
	writing mesh:  col_porta
	writing mesh:  obj_mesametal
	writing mesh:  obj_macaneta
	writing mesh:  obj_luz
	writing mesh:  obj_luzpiso
	writing mesh:  obj_forroluz
	writing mesh:  obj_sofa_003
	writing mesh:  obj_sofabase
	writing mesh:  obj_som
	writing mesh:  obj_vaso_003
	writing mesh:  obj_telaoestrutura
	writing mesh:  obj_apoioaud_010
	writing mesh:  obj_cadeiraaud_010
	writing mesh:  obj.pisomarble
	writing mesh:  obj_mesaapoio
	writing mesh:  obj_batentemadeira
	writing mesh:  obj_palco
	writing mesh:  obj_forro
	writing mesh:  obj_portaentrada
	writing mesh:  obj_paredefundo
	writing mesh:  obj_piso
	writing mesh:  obj_portamadeira
	writing mesh:  obj_sofa_001
	writing mesh:  obj_sofa_002
	writing mesh:  obj_apoioaud_001
	writing mesh:  obj_cadeiraaud_001
	writing mesh:  obj_paredefrente
========= Writing of JSON file completed =========
========= end of processing =========
elapsed time:  2 min, 24.7874 secs
