Exporter version: 6.4.4, Blender version: 2.83.13
========= Conversion from Blender to Babylon.js =========
	Scene settings used :
		Inline textures     :  false
		Material Type       :  PBR
		Positions Precision :  4
		Normals Precision   :  3
		UVs Precision       :  3
		Vert Color Precision:  3
		Mat Weight Precision:  2
		Keep Z-up r-handed  :  no
		Texture directory   :  C:\Users\Carol\Documents\CENA.CAPOBIANCO\cena.auditorio\correcao_auditorio\
	Python World class constructor completed
	processing begun of mesh:  art_logoaud01
		processing begun of material:  m_logo
			processing texture t_logo11
				texture type:  diffuseTexture, mapped using: "UVMap"
		num positions      :  4
		num normals        :  4
		num tangents       :  0
		num uvs            :  8
		num uvs2           :  0
		num colors         :  0
		num triangles      :  2
	processing begun of mesh:  art_logoaud02
		processing begun of material:  m_logo
		registered as also a user of material:  m_logo
		num positions      :  4
		num normals        :  4
		num tangents       :  0
		num uvs            :  8
		num uvs2           :  0
		num colors         :  0
		num triangles      :  2
========= Writing of JSON file started =========
	writing mesh:  art_logoaud01
	writing mesh:  art_logoaud02
========= Writing of JSON file completed =========
========= end of processing =========
elapsed time:  0 min, 0.3957 secs
