Exporter version: 6.4.4, Blender version: 2.83.2
========= Conversion from Blender to Babylon.js =========
	Scene settings used :
		Inline textures     :  false
		Material Type       :  PBR
		Positions Precision :  4
		Normals Precision   :  3
		UVs Precision       :  3
		Vert Color Precision:  3
		Mat Weight Precision:  2
		Keep Z-up r-handed  :  no
		Texture directory   :  C:\Users\Carol\Documents\CENA.CAPOBIANCO\cena.auditorio\tobabylon_light\
	Python World class constructor completed
	processing begun of mesh:  art_gradiente_g_001
		processing begun of material:  m_gradiente
			processing texture t_gradiente_azul
				texture type:  diffuseTexture, mapped using: "UVMap"
			processing texture t_gradiente_azul
				texture type:  emissiveTexture, mapped using: "UVMap"
		num positions      :  13
		num normals        :  13
		num tangents       :  0
		num uvs            :  26
		num uvs2           :  0
		num colors         :  0
		num triangles      :  6
	processing begun of mesh:  art_gradiente_g_002
		mesh is an instance of :  art_gradiente_g_001.  Processing halted.
========= Writing of JSON file started =========
	writing mesh:  art_gradiente_g_001
========= Writing of JSON file completed =========
========= end of processing =========
elapsed time:  0 min, 0.0459 secs
